<?xml version="1.0" encoding="UTF-8"?>
<!-- Generated by org.testng.reporters.JUnitReportReporter -->
<testsuite hostname="DESKTOP-IER1J9F" failures="1" tests="6" name="com.juaracoding.telemarketing.step_definitions.TestRunner" time="21.749" errors="4" timestamp="2022-09-10T18:52:09 WIB" skipped="0">
  <testcase classname="com.juaracoding.telemarketing.step_definitions.TestRunner" name="runScenario" time="0.083">
    <error message="Index 3 out of bounds for length 3" type="java.lang.ArrayIndexOutOfBoundsException">
      <![CDATA[java.lang.ArrayIndexOutOfBoundsException: Index 3 out of bounds for length 3
at com.juaracoding.telemarketing.step_definitions.Hooks.setUp(Hooks.java:33)
]]>
    </error>
  </testcase> <!-- runScenario -->
  <system-out/>
  <testcase classname="com.juaracoding.telemarketing.step_definitions.TestRunner" name="runScenario" time="0.091">
    <error message="Index 3 out of bounds for length 3" type="java.lang.ArrayIndexOutOfBoundsException">
      <![CDATA[java.lang.ArrayIndexOutOfBoundsException: Index 3 out of bounds for length 3
at com.juaracoding.telemarketing.step_definitions.Hooks.setUp(Hooks.java:33)
]]>
    </error>
  </testcase> <!-- runScenario -->
  <system-out/>
  <testcase classname="com.juaracoding.telemarketing.step_definitions.TestRunner" name="runScenario" time="3.687">
    <error message="element click intercepted: Element &lt;button class=&quot;ui-button ui-widget ui-state-default ui-corner-all ui-button-text-only&quot; style=&quot;margin-top:2px;margin-bottom:2px;margin-top:29px;float:right;&quot; onclick=&quot;sendaction(&#039;tl_login-1&#039;,&#039;tl_login-1-51552&#039;,&#039;click&#039;)&quot; id=&quot;51552_query&quot; role=&quot;button&quot;&gt;...&lt;/button&gt; is not clickable at point (906, 422). Other element would receive the click: &lt;div class=&quot;ui-dialog-buttonpane ui-widget-content ui-helper-clearfix&quot;&gt;...&lt;/div&gt;
  (Session info: chrome=105.0.5195.102)
Build info: version: &#039;3.141.59&#039;, revision: &#039;e82be7d358&#039;, time: &#039;2018-11-14T08:17:03&#039;
System info: host: &#039;DESKTOP-IER1J9F&#039;, ip: &#039;192.168.100.8&#039;, os.name: &#039;Windows 11&#039;, os.arch: &#039;amd64&#039;, os.version: &#039;10.0&#039;, java.version: &#039;17.0.4&#039;
Driver info: org.openqa.selenium.chrome.ChromeDriver
Capabilities {acceptInsecureCerts: false, browserName: chrome, browserVersion: 105.0.5195.102, chrome: {chromedriverVersion: 104.0.5112.79 (3cf3e8c8a07d..., userDataDir: C:\Users\HP0738~1.DES\AppDa...}, goog:chromeOptions: {debuggerAddress: localhost:50387}, javascriptEnabled: true, networkConnectionEnabled: false, pageLoadStrategy: normal, platform: WINDOWS, platformName: WINDOWS, proxy: Proxy(), setWindowRect: true, strictFileInteractability: false, timeouts: {implicit: 0, pageLoad: 300000, script: 30000}, unhandledPromptBehavior: dismiss and notify, webauthn:extension:credBlob: true, webauthn:extension:largeBlob: true, webauthn:virtualAuthenticators: true}
Session ID: e20a4442248dfac14893b71e6c514008" type="org.openqa.selenium.ElementClickInterceptedException">
      <![CDATA[org.openqa.selenium.ElementClickInterceptedException: element click intercepted: Element <button class="ui-button ui-widget ui-state-default ui-corner-all ui-button-text-only" style="margin-top:2px;margin-bottom:2px;margin-top:29px;float:right;" onclick="sendaction('tl_login-1','tl_login-1-51552','click')" id="51552_query" role="button">...</button> is not clickable at point (906, 422). Other element would receive the click: <div class="ui-dialog-buttonpane ui-widget-content ui-helper-clearfix">...</div>
  (Session info: chrome=105.0.5195.102)
Build info: version: '3.141.59', revision: 'e82be7d358', time: '2018-11-14T08:17:03'
System info: host: 'DESKTOP-IER1J9F', ip: '192.168.100.8', os.name: 'Windows 11', os.arch: 'amd64', os.version: '10.0', java.version: '17.0.4'
Driver info: org.openqa.selenium.chrome.ChromeDriver
Capabilities {acceptInsecureCerts: false, browserName: chrome, browserVersion: 105.0.5195.102, chrome: {chromedriverVersion: 104.0.5112.79 (3cf3e8c8a07d..., userDataDir: C:\Users\HP0738~1.DES\AppDa...}, goog:chromeOptions: {debuggerAddress: localhost:50387}, javascriptEnabled: true, networkConnectionEnabled: false, pageLoadStrategy: normal, platform: WINDOWS, platformName: WINDOWS, proxy: Proxy(), setWindowRect: true, strictFileInteractability: false, timeouts: {implicit: 0, pageLoad: 300000, script: 30000}, unhandledPromptBehavior: dismiss and notify, webauthn:extension:credBlob: true, webauthn:extension:largeBlob: true, webauthn:virtualAuthenticators: true}
Session ID: e20a4442248dfac14893b71e6c514008
at java.base/jdk.internal.reflect.NativeConstructorAccessorImpl.newInstance0(Native Method)
at java.base/jdk.internal.reflect.NativeConstructorAccessorImpl.newInstance(NativeConstructorAccessorImpl.java:77)
at java.base/jdk.internal.reflect.DelegatingConstructorAccessorImpl.newInstance(DelegatingConstructorAccessorImpl.java:45)
at java.base/java.lang.reflect.Constructor.newInstanceWithCaller(Constructor.java:499)
at java.base/java.lang.reflect.Constructor.newInstance(Constructor.java:480)
at org.openqa.selenium.remote.http.W3CHttpResponseCodec.createException(W3CHttpResponseCodec.java:187)
at org.openqa.selenium.remote.http.W3CHttpResponseCodec.decode(W3CHttpResponseCodec.java:122)
at org.openqa.selenium.remote.http.W3CHttpResponseCodec.decode(W3CHttpResponseCodec.java:49)
at org.openqa.selenium.remote.HttpCommandExecutor.execute(HttpCommandExecutor.java:158)
at org.openqa.selenium.remote.service.DriverCommandExecutor.execute(DriverCommandExecutor.java:83)
at org.openqa.selenium.remote.RemoteWebDriver.execute(RemoteWebDriver.java:552)
at org.openqa.selenium.remote.RemoteWebElement.execute(RemoteWebElement.java:285)
at org.openqa.selenium.remote.RemoteWebElement.click(RemoteWebElement.java:84)
at java.base/jdk.internal.reflect.NativeMethodAccessorImpl.invoke0(Native Method)
at java.base/jdk.internal.reflect.NativeMethodAccessorImpl.invoke(NativeMethodAccessorImpl.java:77)
at java.base/jdk.internal.reflect.DelegatingMethodAccessorImpl.invoke(DelegatingMethodAccessorImpl.java:43)
at java.base/java.lang.reflect.Method.invoke(Method.java:568)
at org.openqa.selenium.support.pagefactory.internal.LocatingElementHandler.invoke(LocatingElementHandler.java:51)
at jdk.proxy2/jdk.proxy2.$Proxy27.click(Unknown Source)
at com.juaracoding.telemarketing.pages.LoginDev.clickBtnSignin(LoginDev.java:63)
at com.juaracoding.telemarketing.step_definitions.TestLogin.user_click_button_sign_in(TestLogin.java:53)
at ✽.User click button sign in(file:///C:/Users/HP.DESKTOP-IER1J9F/eclipse-workspace/git-telemarketing/src/test/resources/features/Login.feature:20)
]]>
    </error>
  </testcase> <!-- runScenario -->
  <system-out/>
  <testcase classname="com.juaracoding.telemarketing.step_definitions.TestRunner" name="runScenario" time="4.755">
    <failure message="expected [true] but found [false]" type="java.lang.AssertionError">
      <![CDATA[java.lang.AssertionError: expected [true] but found [false]
at org.testng.Assert.fail(Assert.java:99)
at org.testng.Assert.failNotEquals(Assert.java:1037)
at org.testng.Assert.assertTrue(Assert.java:45)
at org.testng.Assert.assertTrue(Assert.java:55)
at com.juaracoding.telemarketing.step_definitions.TestLogin.user_invalid_credentilas(TestLogin.java:60)
at ✽.User invalid credentials(file:///C:/Users/HP.DESKTOP-IER1J9F/eclipse-workspace/git-telemarketing/src/test/resources/features/Login.feature:14)
]]>
    </failure>
  </testcase> <!-- runScenario -->
  <system-out/>
  <testcase classname="com.juaracoding.telemarketing.step_definitions.TestRunner" name="runScenario" time="13.039"/>
  <system-out/>
  <testcase classname="com.juaracoding.telemarketing.step_definitions.TestRunner" name="runScenario" time="0.094">
    <error message="Index 3 out of bounds for length 3" type="java.lang.ArrayIndexOutOfBoundsException">
      <![CDATA[java.lang.ArrayIndexOutOfBoundsException: Index 3 out of bounds for length 3
at com.juaracoding.telemarketing.step_definitions.Hooks.setUp(Hooks.java:33)
]]>
    </error>
  </testcase> <!-- runScenario -->
  <system-out/>
</testsuite> <!-- com.juaracoding.telemarketing.step_definitions.TestRunner -->
