<?xml version="1.0" encoding="UTF-8"?>
<!-- Generated by org.testng.reporters.JUnitReportReporter -->
<testsuite hostname="DESKTOP-IER1J9F" failures="0" tests="11" name="com.juaracoding.telemarketing.step_definitions.TestRunner" time="68.265" errors="0" timestamp="2022-09-15T17:38:24 WIB" skipped="0">
  <testcase classname="com.juaracoding.telemarketing.step_definitions.TestRunner" name="runScenario" time="6.742"/>
  <system-out/>
  <testcase classname="com.juaracoding.telemarketing.step_definitions.TestRunner" name="runScenario" time="18.058"/>
  <system-out/>
  <testcase classname="com.juaracoding.telemarketing.step_definitions.TestRunner" name="runScenario" time="5.915"/>
  <system-out/>
  <testcase classname="com.juaracoding.telemarketing.step_definitions.TestRunner" name="runScenario" time="5.931"/>
  <system-out/>
  <testcase classname="com.juaracoding.telemarketing.step_definitions.TestRunner" name="runScenario" time="4.301"/>
  <system-out/>
  <testcase classname="com.juaracoding.telemarketing.step_definitions.TestRunner" name="runScenario" time="2.190"/>
  <system-out/>
  <testcase classname="com.juaracoding.telemarketing.step_definitions.TestRunner" name="runScenario" time="0.159"/>
  <system-out/>
  <testcase classname="com.juaracoding.telemarketing.step_definitions.TestRunner" name="runScenario" time="5.775"/>
  <system-out/>
  <testcase classname="com.juaracoding.telemarketing.step_definitions.TestRunner" name="runScenario" time="5.877"/>
  <system-out/>
  <testcase classname="com.juaracoding.telemarketing.step_definitions.TestRunner" name="runScenario" time="7.966"/>
  <system-out/>
  <testcase classname="com.juaracoding.telemarketing.step_definitions.TestRunner" name="runScenario" time="5.351"/>
  <system-out/>
</testsuite> <!-- com.juaracoding.telemarketing.step_definitions.TestRunner -->
