<?xml version="1.0" encoding="UTF-8"?>
<!-- Generated by org.testng.reporters.JUnitReportReporter -->
<testsuite hostname="DESKTOP-IER1J9F" failures="0" tests="8" name="com.juaracoding.telemarketing.step_definitions.TestRunner" time="27.902" errors="0" timestamp="2022-09-17T13:51:39 WIB" skipped="0">
  <testcase classname="com.juaracoding.telemarketing.step_definitions.TestRunner" name="runScenario" time="0.421"/>
  <system-out/>
  <testcase classname="com.juaracoding.telemarketing.step_definitions.TestRunner" name="runScenario" time="6.809"/>
  <system-out/>
  <testcase classname="com.juaracoding.telemarketing.step_definitions.TestRunner" name="runScenario" time="1.232"/>
  <system-out/>
  <testcase classname="com.juaracoding.telemarketing.step_definitions.TestRunner" name="runScenario" time="3.299"/>
  <system-out/>
  <testcase classname="com.juaracoding.telemarketing.step_definitions.TestRunner" name="runScenario" time="6.730"/>
  <system-out/>
  <testcase classname="com.juaracoding.telemarketing.step_definitions.TestRunner" name="runScenario" time="1.330"/>
  <system-out/>
  <testcase classname="com.juaracoding.telemarketing.step_definitions.TestRunner" name="runScenario" time="5.888"/>
  <system-out/>
  <testcase classname="com.juaracoding.telemarketing.step_definitions.TestRunner" name="runScenario" time="2.193"/>
  <system-out/>
</testsuite> <!-- com.juaracoding.telemarketing.step_definitions.TestRunner -->
