<?xml version="1.0" encoding="UTF-8"?>
<!-- Generated by org.testng.reporters.JUnitReportReporter -->
<testsuite hostname="DESKTOP-UDJP242" failures="0" tests="2" name="com.juaracoding.telemarketing.step_definitions.agent.TestRunner" time="28.822" errors="0" timestamp="2022-09-16T21:37:51 WIB" skipped="0">
  <testcase classname="com.juaracoding.telemarketing.step_definitions.agent.TestRunner" name="runScenario" time="21.997"/>
  <system-out/>
  <testcase classname="com.juaracoding.telemarketing.step_definitions.agent.TestRunner" name="runScenario" time="6.825"/>
  <system-out/>
</testsuite> <!-- com.juaracoding.telemarketing.step_definitions.agent.TestRunner -->
