<?xml version="1.0" encoding="UTF-8"?>
<!-- Generated by org.testng.reporters.JUnitReportReporter -->
<testsuite hostname="DESKTOP-UDJP242" failures="0" tests="22" name="com.juaracoding.telemarketing.step_definitions.TestRunner" time="69.741" errors="14" timestamp="2022-09-16T16:44:20 WIB" skipped="0">
  <testcase classname="com.juaracoding.telemarketing.step_definitions.TestRunner" name="runScenario" time="0.087">
    <error message="Index 8 out of bounds for length 8" type="java.lang.ArrayIndexOutOfBoundsException">
      <![CDATA[java.lang.ArrayIndexOutOfBoundsException: Index 8 out of bounds for length 8
at com.juaracoding.telemarketing.step_definitions.Hooks.setUp(Hooks.java:33)
]]>
    </error>
  </testcase> <!-- runScenario -->
  <system-out/>
  <testcase classname="com.juaracoding.telemarketing.step_definitions.TestRunner" name="runScenario" time="0.072">
    <error message="Index 8 out of bounds for length 8" type="java.lang.ArrayIndexOutOfBoundsException">
      <![CDATA[java.lang.ArrayIndexOutOfBoundsException: Index 8 out of bounds for length 8
at com.juaracoding.telemarketing.step_definitions.Hooks.setUp(Hooks.java:33)
]]>
    </error>
  </testcase> <!-- runScenario -->
  <system-out/>
  <testcase classname="com.juaracoding.telemarketing.step_definitions.TestRunner" name="runScenario" time="0.198">
    <error message="Index 8 out of bounds for length 8" type="java.lang.ArrayIndexOutOfBoundsException">
      <![CDATA[java.lang.ArrayIndexOutOfBoundsException: Index 8 out of bounds for length 8
at com.juaracoding.telemarketing.step_definitions.Hooks.setUp(Hooks.java:33)
]]>
    </error>
  </testcase> <!-- runScenario -->
  <system-out/>
  <testcase classname="com.juaracoding.telemarketing.step_definitions.TestRunner" name="runScenario" time="0.272">
    <error message="Index 8 out of bounds for length 8" type="java.lang.ArrayIndexOutOfBoundsException">
      <![CDATA[java.lang.ArrayIndexOutOfBoundsException: Index 8 out of bounds for length 8
at com.juaracoding.telemarketing.step_definitions.Hooks.setUp(Hooks.java:33)
]]>
    </error>
  </testcase> <!-- runScenario -->
  <system-out/>
  <testcase classname="com.juaracoding.telemarketing.step_definitions.TestRunner" name="runScenario" time="0.074">
    <error message="Index 8 out of bounds for length 8" type="java.lang.ArrayIndexOutOfBoundsException">
      <![CDATA[java.lang.ArrayIndexOutOfBoundsException: Index 8 out of bounds for length 8
at com.juaracoding.telemarketing.step_definitions.Hooks.setUp(Hooks.java:33)
]]>
    </error>
  </testcase> <!-- runScenario -->
  <system-out/>
  <testcase classname="com.juaracoding.telemarketing.step_definitions.TestRunner" name="runScenario" time="0.242">
    <error message="Index 8 out of bounds for length 8" type="java.lang.ArrayIndexOutOfBoundsException">
      <![CDATA[java.lang.ArrayIndexOutOfBoundsException: Index 8 out of bounds for length 8
at com.juaracoding.telemarketing.step_definitions.Hooks.setUp(Hooks.java:33)
]]>
    </error>
  </testcase> <!-- runScenario -->
  <system-out/>
  <testcase classname="com.juaracoding.telemarketing.step_definitions.TestRunner" name="runScenario" time="0.206">
    <error message="Index 8 out of bounds for length 8" type="java.lang.ArrayIndexOutOfBoundsException">
      <![CDATA[java.lang.ArrayIndexOutOfBoundsException: Index 8 out of bounds for length 8
at com.juaracoding.telemarketing.step_definitions.Hooks.setUp(Hooks.java:33)
]]>
    </error>
  </testcase> <!-- runScenario -->
  <system-out/>
  <testcase classname="com.juaracoding.telemarketing.step_definitions.TestRunner" name="runScenario" time="0.186">
    <error message="Index 8 out of bounds for length 8" type="java.lang.ArrayIndexOutOfBoundsException">
      <![CDATA[java.lang.ArrayIndexOutOfBoundsException: Index 8 out of bounds for length 8
at com.juaracoding.telemarketing.step_definitions.Hooks.setUp(Hooks.java:33)
]]>
    </error>
  </testcase> <!-- runScenario -->
  <system-out/>
  <testcase classname="com.juaracoding.telemarketing.step_definitions.TestRunner" name="runScenario" time="0.247">
    <error message="Index 8 out of bounds for length 8" type="java.lang.ArrayIndexOutOfBoundsException">
      <![CDATA[java.lang.ArrayIndexOutOfBoundsException: Index 8 out of bounds for length 8
at com.juaracoding.telemarketing.step_definitions.Hooks.setUp(Hooks.java:33)
]]>
    </error>
  </testcase> <!-- runScenario -->
  <system-out/>
  <testcase classname="com.juaracoding.telemarketing.step_definitions.TestRunner" name="runScenario" time="0.086">
    <error message="Index 8 out of bounds for length 8" type="java.lang.ArrayIndexOutOfBoundsException">
      <![CDATA[java.lang.ArrayIndexOutOfBoundsException: Index 8 out of bounds for length 8
at com.juaracoding.telemarketing.step_definitions.Hooks.setUp(Hooks.java:33)
]]>
    </error>
  </testcase> <!-- runScenario -->
  <system-out/>
  <testcase classname="com.juaracoding.telemarketing.step_definitions.TestRunner" name="runScenario" time="4.048"/>
  <system-out/>
  <testcase classname="com.juaracoding.telemarketing.step_definitions.TestRunner" name="runScenario" time="25.029"/>
  <system-out/>
  <testcase classname="com.juaracoding.telemarketing.step_definitions.TestRunner" name="runScenario" time="1.845"/>
  <system-out/>
  <testcase classname="com.juaracoding.telemarketing.step_definitions.TestRunner" name="runScenario" time="6.890"/>
  <system-out/>
  <testcase classname="com.juaracoding.telemarketing.step_definitions.TestRunner" name="runScenario" time="0.061">
    <error message="Index 8 out of bounds for length 8" type="java.lang.ArrayIndexOutOfBoundsException">
      <![CDATA[java.lang.ArrayIndexOutOfBoundsException: Index 8 out of bounds for length 8
at com.juaracoding.telemarketing.step_definitions.Hooks.setUp(Hooks.java:33)
]]>
    </error>
  </testcase> <!-- runScenario -->
  <system-out/>
  <testcase classname="com.juaracoding.telemarketing.step_definitions.TestRunner" name="runScenario" time="0.067">
    <error message="Index 8 out of bounds for length 8" type="java.lang.ArrayIndexOutOfBoundsException">
      <![CDATA[java.lang.ArrayIndexOutOfBoundsException: Index 8 out of bounds for length 8
at com.juaracoding.telemarketing.step_definitions.Hooks.setUp(Hooks.java:33)
]]>
    </error>
  </testcase> <!-- runScenario -->
  <system-out/>
  <testcase classname="com.juaracoding.telemarketing.step_definitions.TestRunner" name="runScenario" time="1.279"/>
  <system-out/>
  <testcase classname="com.juaracoding.telemarketing.step_definitions.TestRunner" name="runScenario" time="0.117">
    <error message="Index 8 out of bounds for length 8" type="java.lang.ArrayIndexOutOfBoundsException">
      <![CDATA[java.lang.ArrayIndexOutOfBoundsException: Index 8 out of bounds for length 8
at com.juaracoding.telemarketing.step_definitions.Hooks.setUp(Hooks.java:33)
]]>
    </error>
  </testcase> <!-- runScenario -->
  <system-out/>
  <testcase classname="com.juaracoding.telemarketing.step_definitions.TestRunner" name="runScenario" time="4.849"/>
  <system-out/>
  <testcase classname="com.juaracoding.telemarketing.step_definitions.TestRunner" name="runScenario" time="17.845"/>
  <system-out/>
  <testcase classname="com.juaracoding.telemarketing.step_definitions.TestRunner" name="runScenario" time="0.457">
    <error message="Index 8 out of bounds for length 8" type="java.lang.ArrayIndexOutOfBoundsException">
      <![CDATA[java.lang.ArrayIndexOutOfBoundsException: Index 8 out of bounds for length 8
at com.juaracoding.telemarketing.step_definitions.Hooks.setUp(Hooks.java:33)
]]>
    </error>
  </testcase> <!-- runScenario -->
  <system-out/>
  <testcase classname="com.juaracoding.telemarketing.step_definitions.TestRunner" name="runScenario" time="5.584"/>
  <system-out/>
</testsuite> <!-- com.juaracoding.telemarketing.step_definitions.TestRunner -->
